{"D:\\Fgo\\web-project\\app.js": {"path":"D:\\Fgo\\web-project\\app.js","statementMap":{"0":{"start":{"line":9,"column":12},"end":{"line":9,"column":21}},"1":{"start":{"line":12,"column":24},"end":{"line":12,"column":74}},"2":{"start":{"line":13,"column":16},"end":{"line":16,"column":18}},"3":{"start":{"line":15,"column":14},"end":{"line":15,"column":22}},"4":{"start":{"line":19,"column":20},"end":{"line":25,"column":1}},"5":{"start":{"line":21,"column":4},"end":{"line":21,"column":67}},"6":{"start":{"line":21,"column":45},"end":{"line":21,"column":67}},"7":{"start":{"line":22,"column":4},"end":{"line":22,"column":27}},"8":{"start":{"line":26,"column":0},"end":{"line":26,"column":27}},"9":{"start":{"line":29,"column":0},"end":{"line":29,"column":24}},"10":{"start":{"line":30,"column":0},"end":{"line":30,"column":24}},"11":{"start":{"line":33,"column":0},"end":{"line":33,"column":33}},"12":{"start":{"line":34,"column":0},"end":{"line":34,"column":37}},"13":{"start":{"line":35,"column":0},"end":{"line":35,"column":51}},"14":{"start":{"line":38,"column":0},"end":{"line":38,"column":44}},"15":{"start":{"line":38,"column":28},"end":{"line":38,"column":42}}},"fnMap":{"0":{"name":"(anonymous_0)","decl":{"start":{"line":15,"column":7},"end":{"line":15,"column":8}},"loc":{"start":{"line":15,"column":14},"end":{"line":15,"column":22}},"line":15},"1":{"name":"(anonymous_1)","decl":{"start":{"line":20,"column":10},"end":{"line":20,"column":11}},"loc":{"start":{"line":20,"column":26},"end":{"line":23,"column":3}},"line":20},"2":{"name":"(anonymous_2)","decl":{"start":{"line":38,"column":13},"end":{"line":38,"column":14}},"loc":{"start":{"line":38,"column":28},"end":{"line":38,"column":42}},"line":38}},"branchMap":{"0":{"loc":{"start":{"line":13,"column":17},"end":{"line":13,"column":70}},"type":"binary-expr","locations":[{"start":{"line":13,"column":17},"end":{"line":13,"column":41}},{"start":{"line":13,"column":45},"end":{"line":13,"column":70}}],"line":13},"1":{"loc":{"start":{"line":21,"column":4},"end":{"line":21,"column":67}},"type":"if","locations":[{"start":{"line":21,"column":4},"end":{"line":21,"column":67}},{"start":{},"end":{}}],"line":21},"2":{"loc":{"start":{"line":21,"column":8},"end":{"line":21,"column":43}},"type":"binary-expr","locations":[{"start":{"line":21,"column":8},"end":{"line":21,"column":15}},{"start":{"line":21,"column":19},"end":{"line":21,"column":43}}],"line":21}},"s":{"0":1,"1":1,"2":1,"3":2,"4":1,"5":3,"6":2,"7":1,"8":1,"9":1,"10":1,"11":1,"12":1,"13":1,"14":1,"15":3},"f":{"0":2,"1":3,"2":3},"b":{"0":[1,1],"1":[2,1],"2":[3,2]},"inputSourceMap":null,"_coverageSchema":"1a1c01bbd47fc00a2c39e90264f33305004495a9","hash":"45b2e55785c602079cd55c482afff0d4a57846b8"}
,"D:\\Fgo\\web-project\\src\\middleware\\auth.js": {"path":"D:\\Fgo\\web-project\\src\\middleware\\auth.js","statementMap":{"0":{"start":{"line":4,"column":15},"end":{"line":4,"column":52}},"1":{"start":{"line":8,"column":2},"end":{"line":8,"column":72}},"2":{"start":{"line":12,"column":2},"end":{"line":17,"column":5}},"3":{"start":{"line":21,"column":2},"end":{"line":25,"column":5}},"4":{"start":{"line":29,"column":15},"end":{"line":29,"column":46}},"5":{"start":{"line":30,"column":2},"end":{"line":30,"column":55}},"6":{"start":{"line":30,"column":34},"end":{"line":30,"column":55}},"7":{"start":{"line":31,"column":2},"end":{"line":31,"column":51}},"8":{"start":{"line":31,"column":26},"end":{"line":31,"column":51}},"9":{"start":{"line":32,"column":2},"end":{"line":32,"column":14}},"10":{"start":{"line":37,"column":2},"end":{"line":45,"column":3}},"11":{"start":{"line":38,"column":18},"end":{"line":38,"column":38}},"12":{"start":{"line":39,"column":4},"end":{"line":39,"column":69}},"13":{"start":{"line":39,"column":16},"end":{"line":39,"column":69}},"14":{"start":{"line":40,"column":20},"end":{"line":40,"column":61}},"15":{"start":{"line":41,"column":4},"end":{"line":41,"column":23}},"16":{"start":{"line":42,"column":4},"end":{"line":42,"column":11}},"17":{"start":{"line":44,"column":4},"end":{"line":44,"column":62}},"18":{"start":{"line":49,"column":2},"end":{"line":49,"column":48}},"19":{"start":{"line":49,"column":34},"end":{"line":49,"column":48}},"20":{"start":{"line":50,"column":2},"end":{"line":50,"column":56}}},"fnMap":{"0":{"name":"signToken","decl":{"start":{"line":7,"column":16},"end":{"line":7,"column":25}},"loc":{"start":{"line":7,"column":35},"end":{"line":9,"column":1}},"line":7},"1":{"name":"setAuthCookie","decl":{"start":{"line":11,"column":16},"end":{"line":11,"column":29}},"loc":{"start":{"line":11,"column":42},"end":{"line":18,"column":1}},"line":11},"2":{"name":"clearAuthCookie","decl":{"start":{"line":20,"column":16},"end":{"line":20,"column":31}},"loc":{"start":{"line":20,"column":37},"end":{"line":26,"column":1}},"line":20},"3":{"name":"getTokenFromReq","decl":{"start":{"line":28,"column":16},"end":{"line":28,"column":31}},"loc":{"start":{"line":28,"column":37},"end":{"line":33,"column":1}},"line":28},"4":{"name":"requireAuth","decl":{"start":{"line":36,"column":16},"end":{"line":36,"column":27}},"loc":{"start":{"line":36,"column":44},"end":{"line":46,"column":1}},"line":36},"5":{"name":"requireAdmin","decl":{"start":{"line":48,"column":16},"end":{"line":48,"column":28}},"loc":{"start":{"line":48,"column":45},"end":{"line":51,"column":1}},"line":48}},"branchMap":{"0":{"loc":{"start":{"line":14,"column":14},"end":{"line":14,"column":37}},"type":"cond-expr","locations":[{"start":{"line":14,"column":23},"end":{"line":14,"column":29}},{"start":{"line":14,"column":32},"end":{"line":14,"column":37}}],"line":14},"1":{"loc":{"start":{"line":23,"column":14},"end":{"line":23,"column":37}},"type":"cond-expr","locations":[{"start":{"line":23,"column":23},"end":{"line":23,"column":29}},{"start":{"line":23,"column":32},"end":{"line":23,"column":37}}],"line":23},"2":{"loc":{"start":{"line":29,"column":15},"end":{"line":29,"column":46}},"type":"binary-expr","locations":[{"start":{"line":29,"column":15},"end":{"line":29,"column":40}},{"start":{"line":29,"column":44},"end":{"line":29,"column":46}}],"line":29},"3":{"loc":{"start":{"line":30,"column":2},"end":{"line":30,"column":55}},"type":"if","locations":[{"start":{"line":30,"column":2},"end":{"line":30,"column":55}},{"start":{},"end":{}}],"line":30},"4":{"loc":{"start":{"line":31,"column":2},"end":{"line":31,"column":51}},"type":"if","locations":[{"start":{"line":31,"column":2},"end":{"line":31,"column":51}},{"start":{},"end":{}}],"line":31},"5":{"loc":{"start":{"line":39,"column":4},"end":{"line":39,"column":69}},"type":"if","locations":[{"start":{"line":39,"column":4},"end":{"line":39,"column":69}},{"start":{},"end":{}}],"line":39},"6":{"loc":{"start":{"line":49,"column":2},"end":{"line":49,"column":48}},"type":"if","locations":[{"start":{"line":49,"column":2},"end":{"line":49,"column":48}},{"start":{},"end":{}}],"line":49}},"s":{"0":1,"1":0,"2":0,"3":0,"4":0,"5":0,"6":0,"7":0,"8":0,"9":0,"10":0,"11":0,"12":0,"13":0,"14":0,"15":0,"16":0,"17":0,"18":0,"19":0,"20":0},"f":{"0":0,"1":0,"2":0,"3":0,"4":0,"5":0},"b":{"0":[0,0],"1":[0,0],"2":[0,0],"3":[0,0],"4":[0,0],"5":[0,0],"6":[0,0]},"inputSourceMap":null,"_coverageSchema":"1a1c01bbd47fc00a2c39e90264f33305004495a9","hash":"f1f1579a7f42b63e7c3189df7cccf969decc8611"}
,"D:\\Fgo\\web-project\\src\\models\\Event.js": {"path":"D:\\Fgo\\web-project\\src\\models\\Event.js","statementMap":{"0":{"start":{"line":4,"column":20},"end":{"line":14,"column":1}}},"fnMap":{},"branchMap":{},"s":{"0":1},"f":{},"b":{},"inputSourceMap":null,"_coverageSchema":"1a1c01bbd47fc00a2c39e90264f33305004495a9","hash":"12045c44891ca0b8fbab00fc729bd8264b1dfa78"}
,"D:\\Fgo\\web-project\\src\\models\\Registration.js": {"path":"D:\\Fgo\\web-project\\src\\models\\Registration.js","statementMap":{"0":{"start":{"line":3,"column":18},"end":{"line":18,"column":1}},"1":{"start":{"line":21,"column":0},"end":{"line":21,"column":57}},"2":{"start":{"line":22,"column":0},"end":{"line":22,"column":30}}},"fnMap":{},"branchMap":{},"s":{"0":1,"1":1,"2":1},"f":{},"b":{},"inputSourceMap":null,"_coverageSchema":"1a1c01bbd47fc00a2c39e90264f33305004495a9","hash":"c942dcb92f67705408eaaae07625c8523c45f875"}
,"D:\\Fgo\\web-project\\src\\models\\User.js": {"path":"D:\\Fgo\\web-project\\src\\models\\User.js","statementMap":{"0":{"start":{"line":3,"column":19},"end":{"line":18,"column":1}}},"fnMap":{},"branchMap":{},"s":{"0":1},"f":{},"b":{},"inputSourceMap":null,"_coverageSchema":"1a1c01bbd47fc00a2c39e90264f33305004495a9","hash":"c4ee61c68122991c97edf9fbee84aa0cc125b636"}
,"D:\\Fgo\\web-project\\src\\routes\\auth.js": {"path":"D:\\Fgo\\web-project\\src\\routes\\auth.js","statementMap":{"0":{"start":{"line":15,"column":15},"end":{"line":15,"column":23}},"1":{"start":{"line":17,"column":13},"end":{"line":21,"column":1}},"2":{"start":{"line":18,"column":2},"end":{"line":18,"column":22}},"3":{"start":{"line":18,"column":10},"end":{"line":18,"column":22}},"4":{"start":{"line":19,"column":87},"end":{"line":19,"column":88}},"5":{"start":{"line":20,"column":2},"end":{"line":20,"column":90}},"6":{"start":{"line":24,"column":0},"end":{"line":49,"column":3}},"7":{"start":{"line":25,"column":2},"end":{"line":48,"column":3}},"8":{"start":{"line":26,"column":66},"end":{"line":26,"column":74}},"9":{"start":{"line":27,"column":4},"end":{"line":29,"column":5}},"10":{"start":{"line":28,"column":6},"end":{"line":28,"column":74}},"11":{"start":{"line":31,"column":18},"end":{"line":31,"column":79}},"12":{"start":{"line":32,"column":4},"end":{"line":32,"column":92}},"13":{"start":{"line":32,"column":15},"end":{"line":32,"column":92}},"14":{"start":{"line":34,"column":25},"end":{"line":34,"column":56}},"15":{"start":{"line":35,"column":17},"end":{"line":37,"column":6}},"16":{"start":{"line":39,"column":18},"end":{"line":39,"column":88}},"17":{"start":{"line":40,"column":4},"end":{"line":40,"column":30}},"18":{"start":{"line":41,"column":4},"end":{"line":41,"column":77}},"19":{"start":{"line":43,"column":4},"end":{"line":43,"column":23}},"20":{"start":{"line":44,"column":4},"end":{"line":46,"column":5}},"21":{"start":{"line":45,"column":6},"end":{"line":45,"column":83}},"22":{"start":{"line":47,"column":4},"end":{"line":47,"column":54}},"23":{"start":{"line":52,"column":0},"end":{"line":74,"column":3}},"24":{"start":{"line":53,"column":2},"end":{"line":73,"column":3}},"25":{"start":{"line":54,"column":42},"end":{"line":54,"column":50}},"26":{"start":{"line":55,"column":4},"end":{"line":57,"column":5}},"27":{"start":{"line":56,"column":6},"end":{"line":56,"column":70}},"28":{"start":{"line":59,"column":17},"end":{"line":61,"column":6}},"29":{"start":{"line":62,"column":4},"end":{"line":62,"column":79}},"30":{"start":{"line":62,"column":15},"end":{"line":62,"column":79}},"31":{"start":{"line":64,"column":15},"end":{"line":64,"column":64}},"32":{"start":{"line":65,"column":4},"end":{"line":65,"column":77}},"33":{"start":{"line":65,"column":13},"end":{"line":65,"column":77}},"34":{"start":{"line":67,"column":18},"end":{"line":67,"column":98}},"35":{"start":{"line":68,"column":4},"end":{"line":68,"column":30}},"36":{"start":{"line":69,"column":4},"end":{"line":69,"column":64}},"37":{"start":{"line":71,"column":4},"end":{"line":71,"column":23}},"38":{"start":{"line":72,"column":4},"end":{"line":72,"column":54}},"39":{"start":{"line":77,"column":0},"end":{"line":88,"column":3}},"40":{"start":{"line":78,"column":2},"end":{"line":87,"column":3}},"41":{"start":{"line":79,"column":18},"end":{"line":79,"column":38}},"42":{"start":{"line":80,"column":4},"end":{"line":80,"column":69}},"43":{"start":{"line":80,"column":16},"end":{"line":80,"column":69}},"44":{"start":{"line":81,"column":20},"end":{"line":81,"column":61}},"45":{"start":{"line":82,"column":17},"end":{"line":82,"column":80}},"46":{"start":{"line":83,"column":4},"end":{"line":83,"column":69}},"47":{"start":{"line":83,"column":15},"end":{"line":83,"column":69}},"48":{"start":{"line":84,"column":4},"end":{"line":84,"column":35}},"49":{"start":{"line":86,"column":4},"end":{"line":86,"column":55}},"50":{"start":{"line":91,"column":0},"end":{"line":94,"column":3}},"51":{"start":{"line":92,"column":2},"end":{"line":92,"column":23}},"52":{"start":{"line":93,"column":2},"end":{"line":93,"column":38}},"53":{"start":{"line":97,"column":0},"end":{"line":143,"column":3}},"54":{"start":{"line":98,"column":2},"end":{"line":142,"column":3}},"55":{"start":{"line":99,"column":18},"end":{"line":99,"column":38}},"56":{"start":{"line":100,"column":4},"end":{"line":100,"column":69}},"57":{"start":{"line":100,"column":16},"end":{"line":100,"column":69}},"58":{"start":{"line":101,"column":20},"end":{"line":101,"column":61}},"59":{"start":{"line":103,"column":17},"end":{"line":106,"column":13}},"60":{"start":{"line":108,"column":18},"end":{"line":136,"column":6}},"61":{"start":{"line":109,"column":18},"end":{"line":109,"column":22}},"62":{"start":{"line":111,"column":6},"end":{"line":129,"column":7}},"63":{"start":{"line":113,"column":8},"end":{"line":119,"column":10}},"64":{"start":{"line":120,"column":13},"end":{"line":129,"column":7}},"65":{"start":{"line":122,"column":8},"end":{"line":128,"column":10}},"66":{"start":{"line":131,"column":6},"end":{"line":135,"column":8}},"67":{"start":{"line":138,"column":4},"end":{"line":138,"column":24}},"68":{"start":{"line":140,"column":4},"end":{"line":140,"column":21}},"69":{"start":{"line":141,"column":4},"end":{"line":141,"column":62}},"70":{"start":{"line":145,"column":0},"end":{"line":184,"column":3}},"71":{"start":{"line":146,"column":20},"end":{"line":146,"column":34}},"72":{"start":{"line":147,"column":2},"end":{"line":147,"column":76}},"73":{"start":{"line":147,"column":14},"end":{"line":147,"column":76}},"74":{"start":{"line":150,"column":2},"end":{"line":183,"column":3}},"75":{"start":{"line":151,"column":17},"end":{"line":151,"column":46}},"76":{"start":{"line":152,"column":4},"end":{"line":178,"column":5}},"77":{"start":{"line":153,"column":20},"end":{"line":153,"column":58}},"78":{"start":{"line":154,"column":19},"end":{"line":154,"column":74}},"79":{"start":{"line":156,"column":6},"end":{"line":156,"column":41}},"80":{"start":{"line":157,"column":6},"end":{"line":157,"column":74}},"81":{"start":{"line":158,"column":6},"end":{"line":158,"column":53}},"82":{"start":{"line":160,"column":20},"end":{"line":160,"column":95}},"83":{"start":{"line":161,"column":20},"end":{"line":161,"column":71}},"84":{"start":{"line":164,"column":8},"end":{"line":166,"column":93}},"85":{"start":{"line":168,"column":23},"end":{"line":168,"column":78}},"86":{"start":{"line":170,"column":6},"end":{"line":177,"column":9}},"87":{"start":{"line":179,"column":4},"end":{"line":179,"column":86}},"88":{"start":{"line":181,"column":4},"end":{"line":181,"column":21}},"89":{"start":{"line":182,"column":4},"end":{"line":182,"column":61}},"90":{"start":{"line":187,"column":0},"end":{"line":210,"column":3}},"91":{"start":{"line":188,"column":30},"end":{"line":188,"column":44}},"92":{"start":{"line":189,"column":2},"end":{"line":189,"column":97}},"93":{"start":{"line":189,"column":27},"end":{"line":189,"column":97}},"94":{"start":{"line":191,"column":2},"end":{"line":209,"column":3}},"95":{"start":{"line":192,"column":17},"end":{"line":192,"column":72}},"96":{"start":{"line":193,"column":17},"end":{"line":196,"column":6}},"97":{"start":{"line":198,"column":4},"end":{"line":198,"column":84}},"98":{"start":{"line":198,"column":15},"end":{"line":198,"column":84}},"99":{"start":{"line":200,"column":4},"end":{"line":200,"column":56}},"100":{"start":{"line":201,"column":4},"end":{"line":201,"column":44}},"101":{"start":{"line":202,"column":4},"end":{"line":202,"column":44}},"102":{"start":{"line":203,"column":4},"end":{"line":203,"column":22}},"103":{"start":{"line":205,"column":4},"end":{"line":205,"column":75}},"104":{"start":{"line":207,"column":4},"end":{"line":207,"column":21}},"105":{"start":{"line":208,"column":4},"end":{"line":208,"column":61}}},"fnMap":{"0":{"name":"(anonymous_0)","decl":{"start":{"line":17,"column":13},"end":{"line":17,"column":14}},"loc":{"start":{"line":17,"column":20},"end":{"line":21,"column":1}},"line":17},"1":{"name":"(anonymous_1)","decl":{"start":{"line":24,"column":25},"end":{"line":24,"column":26}},"loc":{"start":{"line":24,"column":45},"end":{"line":49,"column":1}},"line":24},"2":{"name":"(anonymous_2)","decl":{"start":{"line":52,"column":22},"end":{"line":52,"column":23}},"loc":{"start":{"line":52,"column":42},"end":{"line":74,"column":1}},"line":52},"3":{"name":"(anonymous_3)","decl":{"start":{"line":77,"column":18},"end":{"line":77,"column":19}},"loc":{"start":{"line":77,"column":38},"end":{"line":88,"column":1}},"line":77},"4":{"name":"(anonymous_4)","decl":{"start":{"line":91,"column":23},"end":{"line":91,"column":24}},"loc":{"start":{"line":91,"column":38},"end":{"line":94,"column":1}},"line":91},"5":{"name":"(anonymous_5)","decl":{"start":{"line":97,"column":32},"end":{"line":97,"column":33}},"loc":{"start":{"line":97,"column":52},"end":{"line":143,"column":1}},"line":97},"6":{"name":"(anonymous_6)","decl":{"start":{"line":108,"column":27},"end":{"line":108,"column":28}},"loc":{"start":{"line":108,"column":34},"end":{"line":136,"column":5}},"line":108},"7":{"name":"(anonymous_7)","decl":{"start":{"line":145,"column":32},"end":{"line":145,"column":33}},"loc":{"start":{"line":145,"column":52},"end":{"line":184,"column":1}},"line":145},"8":{"name":"(anonymous_8)","decl":{"start":{"line":187,"column":31},"end":{"line":187,"column":32}},"loc":{"start":{"line":187,"column":51},"end":{"line":210,"column":1}},"line":187}},"branchMap":{"0":{"loc":{"start":{"line":18,"column":2},"end":{"line":18,"column":22}},"type":"if","locations":[{"start":{"line":18,"column":2},"end":{"line":18,"column":22}},{"start":{},"end":{}}],"line":18},"1":{"loc":{"start":{"line":27,"column":4},"end":{"line":29,"column":5}},"type":"if","locations":[{"start":{"line":27,"column":4},"end":{"line":29,"column":5}},{"start":{},"end":{}}],"line":27},"2":{"loc":{"start":{"line":27,"column":8},"end":{"line":27,"column":53}},"type":"binary-expr","locations":[{"start":{"line":27,"column":8},"end":{"line":27,"column":17}},{"start":{"line":27,"column":21},"end":{"line":27,"column":30}},{"start":{"line":27,"column":34},"end":{"line":27,"column":43}},{"start":{"line":27,"column":47},"end":{"line":27,"column":53}}],"line":27},"3":{"loc":{"start":{"line":32,"column":4},"end":{"line":32,"column":92}},"type":"if","locations":[{"start":{"line":32,"column":4},"end":{"line":32,"column":92}},{"start":{},"end":{}}],"line":32},"4":{"loc":{"start":{"line":44,"column":4},"end":{"line":46,"column":5}},"type":"if","locations":[{"start":{"line":44,"column":4},"end":{"line":46,"column":5}},{"start":{},"end":{}}],"line":44},"5":{"loc":{"start":{"line":55,"column":4},"end":{"line":57,"column":5}},"type":"if","locations":[{"start":{"line":55,"column":4},"end":{"line":57,"column":5}},{"start":{},"end":{}}],"line":55},"6":{"loc":{"start":{"line":55,"column":8},"end":{"line":55,"column":37}},"type":"binary-expr","locations":[{"start":{"line":55,"column":8},"end":{"line":55,"column":24}},{"start":{"line":55,"column":28},"end":{"line":55,"column":37}}],"line":55},"7":{"loc":{"start":{"line":62,"column":4},"end":{"line":62,"column":79}},"type":"if","locations":[{"start":{"line":62,"column":4},"end":{"line":62,"column":79}},{"start":{},"end":{}}],"line":62},"8":{"loc":{"start":{"line":65,"column":4},"end":{"line":65,"column":77}},"type":"if","locations":[{"start":{"line":65,"column":4},"end":{"line":65,"column":77}},{"start":{},"end":{}}],"line":65},"9":{"loc":{"start":{"line":67,"column":76},"end":{"line":67,"column":95}},"type":"binary-expr","locations":[{"start":{"line":67,"column":76},"end":{"line":67,"column":85}},{"start":{"line":67,"column":89},"end":{"line":67,"column":95}}],"line":67},"10":{"loc":{"start":{"line":80,"column":4},"end":{"line":80,"column":69}},"type":"if","locations":[{"start":{"line":80,"column":4},"end":{"line":80,"column":69}},{"start":{},"end":{}}],"line":80},"11":{"loc":{"start":{"line":83,"column":4},"end":{"line":83,"column":69}},"type":"if","locations":[{"start":{"line":83,"column":4},"end":{"line":83,"column":69}},{"start":{},"end":{}}],"line":83},"12":{"loc":{"start":{"line":100,"column":4},"end":{"line":100,"column":69}},"type":"if","locations":[{"start":{"line":100,"column":4},"end":{"line":100,"column":69}},{"start":{},"end":{}}],"line":100},"13":{"loc":{"start":{"line":111,"column":6},"end":{"line":129,"column":7}},"type":"if","locations":[{"start":{"line":111,"column":6},"end":{"line":129,"column":7}},{"start":{"line":120,"column":13},"end":{"line":129,"column":7}}],"line":111},"14":{"loc":{"start":{"line":111,"column":10},"end":{"line":111,"column":32}},"type":"binary-expr","locations":[{"start":{"line":111,"column":10},"end":{"line":111,"column":17}},{"start":{"line":111,"column":21},"end":{"line":111,"column":32}}],"line":111},"15":{"loc":{"start":{"line":120,"column":13},"end":{"line":129,"column":7}},"type":"if","locations":[{"start":{"line":120,"column":13},"end":{"line":129,"column":7}},{"start":{},"end":{}}],"line":120},"16":{"loc":{"start":{"line":133,"column":17},"end":{"line":133,"column":32}},"type":"binary-expr","locations":[{"start":{"line":133,"column":17},"end":{"line":133,"column":26}},{"start":{"line":133,"column":30},"end":{"line":133,"column":32}}],"line":133},"17":{"loc":{"start":{"line":146,"column":20},"end":{"line":146,"column":34}},"type":"binary-expr","locations":[{"start":{"line":146,"column":20},"end":{"line":146,"column":28}},{"start":{"line":146,"column":32},"end":{"line":146,"column":34}}],"line":146},"18":{"loc":{"start":{"line":147,"column":2},"end":{"line":147,"column":76}},"type":"if","locations":[{"start":{"line":147,"column":2},"end":{"line":147,"column":76}},{"start":{},"end":{}}],"line":147},"19":{"loc":{"start":{"line":152,"column":4},"end":{"line":178,"column":5}},"type":"if","locations":[{"start":{"line":152,"column":4},"end":{"line":178,"column":5}},{"start":{},"end":{}}],"line":152},"20":{"loc":{"start":{"line":160,"column":21},"end":{"line":160,"column":80}},"type":"binary-expr","locations":[{"start":{"line":160,"column":21},"end":{"line":160,"column":53}},{"start":{"line":160,"column":57},"end":{"line":160,"column":69}},{"start":{"line":160,"column":73},"end":{"line":160,"column":80}}],"line":160},"21":{"loc":{"start":{"line":161,"column":20},"end":{"line":161,"column":71}},"type":"binary-expr","locations":[{"start":{"line":161,"column":20},"end":{"line":161,"column":51}},{"start":{"line":161,"column":56},"end":{"line":161,"column":71}}],"line":161},"22":{"loc":{"start":{"line":164,"column":8},"end":{"line":166,"column":93}},"type":"binary-expr","locations":[{"start":{"line":164,"column":8},"end":{"line":164,"column":31}},{"start":{"line":165,"column":8},"end":{"line":165,"column":32}},{"start":{"line":166,"column":9},"end":{"line":166,"column":92}}],"line":164},"23":{"loc":{"start":{"line":166,"column":9},"end":{"line":166,"column":92}},"type":"cond-expr","locations":[{"start":{"line":166,"column":34},"end":{"line":166,"column":69}},{"start":{"line":166,"column":72},"end":{"line":166,"column":92}}],"line":166},"24":{"loc":{"start":{"line":188,"column":30},"end":{"line":188,"column":44}},"type":"binary-expr","locations":[{"start":{"line":188,"column":30},"end":{"line":188,"column":38}},{"start":{"line":188,"column":42},"end":{"line":188,"column":44}}],"line":188},"25":{"loc":{"start":{"line":189,"column":2},"end":{"line":189,"column":97}},"type":"if","locations":[{"start":{"line":189,"column":2},"end":{"line":189,"column":97}},{"start":{},"end":{}}],"line":189},"26":{"loc":{"start":{"line":189,"column":6},"end":{"line":189,"column":25}},"type":"binary-expr","locations":[{"start":{"line":189,"column":6},"end":{"line":189,"column":12}},{"start":{"line":189,"column":16},"end":{"line":189,"column":25}}],"line":189},"27":{"loc":{"start":{"line":198,"column":4},"end":{"line":198,"column":84}},"type":"if","locations":[{"start":{"line":198,"column":4},"end":{"line":198,"column":84}},{"start":{},"end":{}}],"line":198}},"s":{"0":1,"1":1,"2":0,"3":0,"4":0,"5":0,"6":1,"7":0,"8":0,"9":0,"10":0,"11":0,"12":0,"13":0,"14":0,"15":0,"16":0,"17":0,"18":0,"19":0,"20":0,"21":0,"22":0,"23":1,"24":0,"25":0,"26":0,"27":0,"28":0,"29":0,"30":0,"31":0,"32":0,"33":0,"34":0,"35":0,"36":0,"37":0,"38":0,"39":1,"40":0,"41":0,"42":0,"43":0,"44":0,"45":0,"46":0,"47":0,"48":0,"49":0,"50":1,"51":0,"52":0,"53":1,"54":0,"55":0,"56":0,"57":0,"58":0,"59":0,"60":0,"61":0,"62":0,"63":0,"64":0,"65":0,"66":0,"67":0,"68":0,"69":0,"70":1,"71":0,"72":0,"73":0,"74":0,"75":0,"76":0,"77":0,"78":0,"79":0,"80":0,"81":0,"82":0,"83":0,"84":0,"85":0,"86":0,"87":0,"88":0,"89":0,"90":1,"91":0,"92":0,"93":0,"94":0,"95":0,"96":0,"97":0,"98":0,"99":0,"100":0,"101":0,"102":0,"103":0,"104":0,"105":0},"f":{"0":0,"1":0,"2":0,"3":0,"4":0,"5":0,"6":0,"7":0,"8":0},"b":{"0":[0,0],"1":[0,0],"2":[0,0,0,0],"3":[0,0],"4":[0,0],"5":[0,0],"6":[0,0],"7":[0,0],"8":[0,0],"9":[0,0],"10":[0,0],"11":[0,0],"12":[0,0],"13":[0,0],"14":[0,0],"15":[0,0],"16":[0,0],"17":[0,0],"18":[0,0],"19":[0,0],"20":[0,0,0],"21":[0,0],"22":[0,0,0],"23":[0,0],"24":[0,0],"25":[0,0],"26":[0,0],"27":[0,0]},"inputSourceMap":null,"_coverageSchema":"1a1c01bbd47fc00a2c39e90264f33305004495a9","hash":"728961ac1061bedca35dca28b32f3daef98564fa"}
,"D:\\Fgo\\web-project\\src\\routes\\events.js": {"path":"D:\\Fgo\\web-project\\src\\routes\\events.js","statementMap":{"0":{"start":{"line":6,"column":15},"end":{"line":6,"column":23}},"1":{"start":{"line":9,"column":0},"end":{"line":13,"column":3}},"2":{"start":{"line":10,"column":16},"end":{"line":10,"column":103}},"3":{"start":{"line":11,"column":2},"end":{"line":11,"column":70}},"4":{"start":{"line":12,"column":2},"end":{"line":12,"column":18}},"5":{"start":{"line":15,"column":0},"end":{"line":19,"column":3}},"6":{"start":{"line":16,"column":13},"end":{"line":16,"column":55}},"7":{"start":{"line":17,"column":2},"end":{"line":17,"column":65}},"8":{"start":{"line":17,"column":11},"end":{"line":17,"column":65}},"9":{"start":{"line":18,"column":2},"end":{"line":18,"column":15}},"10":{"start":{"line":24,"column":0},"end":{"line":52,"column":3}},"11":{"start":{"line":25,"column":2},"end":{"line":51,"column":3}},"12":{"start":{"line":26,"column":29},"end":{"line":26,"column":43}},"13":{"start":{"line":27,"column":15},"end":{"line":27,"column":57}},"14":{"start":{"line":28,"column":4},"end":{"line":28,"column":73}},"15":{"start":{"line":28,"column":13},"end":{"line":28,"column":73}},"16":{"start":{"line":30,"column":17},"end":{"line":35,"column":5}},"17":{"start":{"line":37,"column":16},"end":{"line":44,"column":5}},"18":{"start":{"line":46,"column":4},"end":{"line":46,"column":84}},"19":{"start":{"line":48,"column":4},"end":{"line":48,"column":90}},"20":{"start":{"line":48,"column":27},"end":{"line":48,"column":90}},"21":{"start":{"line":49,"column":4},"end":{"line":49,"column":21}},"22":{"start":{"line":50,"column":4},"end":{"line":50,"column":61}},"23":{"start":{"line":55,"column":0},"end":{"line":58,"column":3}},"24":{"start":{"line":56,"column":14},"end":{"line":56,"column":85}},"25":{"start":{"line":57,"column":2},"end":{"line":57,"column":34}},"26":{"start":{"line":62,"column":0},"end":{"line":77,"column":3}},"27":{"start":{"line":63,"column":2},"end":{"line":76,"column":3}},"28":{"start":{"line":64,"column":65},"end":{"line":64,"column":73}},"29":{"start":{"line":65,"column":4},"end":{"line":65,"column":78}},"30":{"start":{"line":65,"column":16},"end":{"line":65,"column":78}},"31":{"start":{"line":67,"column":15},"end":{"line":70,"column":6}},"32":{"start":{"line":72,"column":4},"end":{"line":72,"column":29}},"33":{"start":{"line":74,"column":4},"end":{"line":74,"column":21}},"34":{"start":{"line":75,"column":4},"end":{"line":75,"column":54}},"35":{"start":{"line":80,"column":0},"end":{"line":109,"column":3}},"36":{"start":{"line":81,"column":17},"end":{"line":81,"column":27}},"37":{"start":{"line":83,"column":13},"end":{"line":83,"column":44}},"38":{"start":{"line":84,"column":2},"end":{"line":84,"column":65}},"39":{"start":{"line":84,"column":11},"end":{"line":84,"column":65}},"40":{"start":{"line":86,"column":15},"end":{"line":91,"column":3}},"41":{"start":{"line":94,"column":2},"end":{"line":103,"column":4}},"42":{"start":{"line":106,"column":2},"end":{"line":106,"column":37}},"43":{"start":{"line":108,"column":2},"end":{"line":108,"column":39}},"44":{"start":{"line":111,"column":0},"end":{"line":125,"column":3}},"45":{"start":{"line":112,"column":17},"end":{"line":114,"column":4}},"46":{"start":{"line":115,"column":19},"end":{"line":115,"column":80}},"47":{"start":{"line":115,"column":54},"end":{"line":115,"column":78}},"48":{"start":{"line":117,"column":17},"end":{"line":117,"column":86}},"49":{"start":{"line":118,"column":2},"end":{"line":118,"column":70}},"50":{"start":{"line":119,"column":2},"end":{"line":124,"column":7}},"51":{"start":{"line":119,"column":29},"end":{"line":124,"column":3}},"52":{"start":{"line":127,"column":0},"end":{"line":143,"column":3}},"53":{"start":{"line":128,"column":15},"end":{"line":131,"column":11}},"54":{"start":{"line":133,"column":2},"end":{"line":142,"column":7}},"55":{"start":{"line":133,"column":26},"end":{"line":142,"column":3}},"56":{"start":{"line":145,"column":0},"end":{"line":163,"column":3}},"57":{"start":{"line":146,"column":2},"end":{"line":162,"column":3}},"58":{"start":{"line":147,"column":19},"end":{"line":147,"column":29}},"59":{"start":{"line":148,"column":23},"end":{"line":148,"column":31}},"60":{"start":{"line":150,"column":15},"end":{"line":154,"column":5}},"61":{"start":{"line":156,"column":4},"end":{"line":156,"column":73}},"62":{"start":{"line":156,"column":13},"end":{"line":156,"column":73}},"63":{"start":{"line":158,"column":4},"end":{"line":158,"column":17}},"64":{"start":{"line":160,"column":4},"end":{"line":160,"column":21}},"65":{"start":{"line":161,"column":4},"end":{"line":161,"column":54}}},"fnMap":{"0":{"name":"(anonymous_0)","decl":{"start":{"line":9,"column":16},"end":{"line":9,"column":17}},"loc":{"start":{"line":9,"column":37},"end":{"line":13,"column":1}},"line":9},"1":{"name":"(anonymous_1)","decl":{"start":{"line":15,"column":19},"end":{"line":15,"column":20}},"loc":{"start":{"line":15,"column":39},"end":{"line":19,"column":1}},"line":15},"2":{"name":"(anonymous_2)","decl":{"start":{"line":24,"column":42},"end":{"line":24,"column":43}},"loc":{"start":{"line":24,"column":62},"end":{"line":52,"column":1}},"line":24},"3":{"name":"(anonymous_3)","decl":{"start":{"line":55,"column":43},"end":{"line":55,"column":44}},"loc":{"start":{"line":55,"column":63},"end":{"line":58,"column":1}},"line":55},"4":{"name":"(anonymous_4)","decl":{"start":{"line":62,"column":44},"end":{"line":62,"column":45}},"loc":{"start":{"line":62,"column":64},"end":{"line":77,"column":1}},"line":62},"5":{"name":"(anonymous_5)","decl":{"start":{"line":80,"column":49},"end":{"line":80,"column":50}},"loc":{"start":{"line":80,"column":69},"end":{"line":109,"column":1}},"line":80},"6":{"name":"(anonymous_6)","decl":{"start":{"line":111,"column":56},"end":{"line":111,"column":57}},"loc":{"start":{"line":111,"column":77},"end":{"line":125,"column":1}},"line":111},"7":{"name":"(anonymous_7)","decl":{"start":{"line":115,"column":49},"end":{"line":115,"column":50}},"loc":{"start":{"line":115,"column":54},"end":{"line":115,"column":78}},"line":115},"8":{"name":"(anonymous_8)","decl":{"start":{"line":119,"column":22},"end":{"line":119,"column":23}},"loc":{"start":{"line":119,"column":29},"end":{"line":124,"column":3}},"line":119},"9":{"name":"(anonymous_9)","decl":{"start":{"line":127,"column":60},"end":{"line":127,"column":61}},"loc":{"start":{"line":127,"column":80},"end":{"line":143,"column":1}},"line":127},"10":{"name":"(anonymous_10)","decl":{"start":{"line":133,"column":20},"end":{"line":133,"column":21}},"loc":{"start":{"line":133,"column":26},"end":{"line":142,"column":3}},"line":133},"11":{"name":"(anonymous_11)","decl":{"start":{"line":145,"column":48},"end":{"line":145,"column":49}},"loc":{"start":{"line":145,"column":68},"end":{"line":163,"column":1}},"line":145}},"branchMap":{"0":{"loc":{"start":{"line":17,"column":2},"end":{"line":17,"column":65}},"type":"if","locations":[{"start":{"line":17,"column":2},"end":{"line":17,"column":65}},{"start":{},"end":{}}],"line":17},"1":{"loc":{"start":{"line":26,"column":12},"end":{"line":26,"column":24}},"type":"default-arg","locations":[{"start":{"line":26,"column":22},"end":{"line":26,"column":24}}],"line":26},"2":{"loc":{"start":{"line":26,"column":29},"end":{"line":26,"column":43}},"type":"binary-expr","locations":[{"start":{"line":26,"column":29},"end":{"line":26,"column":37}},{"start":{"line":26,"column":41},"end":{"line":26,"column":43}}],"line":26},"3":{"loc":{"start":{"line":28,"column":4},"end":{"line":28,"column":73}},"type":"if","locations":[{"start":{"line":28,"column":4},"end":{"line":28,"column":73}},{"start":{},"end":{}}],"line":28},"4":{"loc":{"start":{"line":31,"column":13},"end":{"line":31,"column":27}},"type":"binary-expr","locations":[{"start":{"line":31,"column":13},"end":{"line":31,"column":21}},{"start":{"line":31,"column":25},"end":{"line":31,"column":27}}],"line":31},"5":{"loc":{"start":{"line":32,"column":16},"end":{"line":32,"column":33}},"type":"binary-expr","locations":[{"start":{"line":32,"column":16},"end":{"line":32,"column":27}},{"start":{"line":32,"column":31},"end":{"line":32,"column":33}}],"line":32},"6":{"loc":{"start":{"line":33,"column":16},"end":{"line":33,"column":33}},"type":"binary-expr","locations":[{"start":{"line":33,"column":16},"end":{"line":33,"column":27}},{"start":{"line":33,"column":31},"end":{"line":33,"column":33}}],"line":33},"7":{"loc":{"start":{"line":34,"column":16},"end":{"line":34,"column":33}},"type":"binary-expr","locations":[{"start":{"line":34,"column":16},"end":{"line":34,"column":27}},{"start":{"line":34,"column":31},"end":{"line":34,"column":33}}],"line":34},"8":{"loc":{"start":{"line":48,"column":4},"end":{"line":48,"column":90}},"type":"if","locations":[{"start":{"line":48,"column":4},"end":{"line":48,"column":90}},{"start":{},"end":{}}],"line":48},"9":{"loc":{"start":{"line":65,"column":4},"end":{"line":65,"column":78}},"type":"if","locations":[{"start":{"line":65,"column":4},"end":{"line":65,"column":78}},{"start":{},"end":{}}],"line":65},"10":{"loc":{"start":{"line":84,"column":2},"end":{"line":84,"column":65}},"type":"if","locations":[{"start":{"line":84,"column":2},"end":{"line":84,"column":65}},{"start":{},"end":{}}],"line":84},"11":{"loc":{"start":{"line":87,"column":11},"end":{"line":87,"column":25}},"type":"binary-expr","locations":[{"start":{"line":87,"column":11},"end":{"line":87,"column":19}},{"start":{"line":87,"column":23},"end":{"line":87,"column":25}}],"line":87},"12":{"loc":{"start":{"line":88,"column":14},"end":{"line":88,"column":31}},"type":"binary-expr","locations":[{"start":{"line":88,"column":14},"end":{"line":88,"column":25}},{"start":{"line":88,"column":29},"end":{"line":88,"column":31}}],"line":88},"13":{"loc":{"start":{"line":89,"column":14},"end":{"line":89,"column":31}},"type":"binary-expr","locations":[{"start":{"line":89,"column":14},"end":{"line":89,"column":25}},{"start":{"line":89,"column":29},"end":{"line":89,"column":31}}],"line":89},"14":{"loc":{"start":{"line":90,"column":14},"end":{"line":90,"column":31}},"type":"binary-expr","locations":[{"start":{"line":90,"column":14},"end":{"line":90,"column":25}},{"start":{"line":90,"column":29},"end":{"line":90,"column":31}}],"line":90},"15":{"loc":{"start":{"line":123,"column":11},"end":{"line":123,"column":40}},"type":"binary-expr","locations":[{"start":{"line":123,"column":11},"end":{"line":123,"column":35}},{"start":{"line":123,"column":39},"end":{"line":123,"column":40}}],"line":123},"16":{"loc":{"start":{"line":135,"column":13},"end":{"line":135,"column":28}},"type":"binary-expr","locations":[{"start":{"line":135,"column":13},"end":{"line":135,"column":22}},{"start":{"line":135,"column":26},"end":{"line":135,"column":28}}],"line":135},"17":{"loc":{"start":{"line":136,"column":10},"end":{"line":141,"column":12}},"type":"cond-expr","locations":[{"start":{"line":136,"column":19},"end":{"line":141,"column":5}},{"start":{"line":141,"column":8},"end":{"line":141,"column":12}}],"line":136},"18":{"loc":{"start":{"line":156,"column":4},"end":{"line":156,"column":73}},"type":"if","locations":[{"start":{"line":156,"column":4},"end":{"line":156,"column":73}},{"start":{},"end":{}}],"line":156}},"s":{"0":1,"1":1,"2":0,"3":0,"4":0,"5":1,"6":0,"7":0,"8":0,"9":0,"10":1,"11":0,"12":0,"13":0,"14":0,"15":0,"16":0,"17":0,"18":0,"19":0,"20":0,"21":0,"22":0,"23":1,"24":0,"25":0,"26":1,"27":0,"28":0,"29":0,"30":0,"31":0,"32":0,"33":0,"34":0,"35":1,"36":0,"37":0,"38":0,"39":0,"40":0,"41":0,"42":0,"43":0,"44":1,"45":0,"46":0,"47":0,"48":0,"49":0,"50":0,"51":0,"52":1,"53":0,"54":0,"55":0,"56":1,"57":0,"58":0,"59":0,"60":0,"61":0,"62":0,"63":0,"64":0,"65":0},"f":{"0":0,"1":0,"2":0,"3":0,"4":0,"5":0,"6":0,"7":0,"8":0,"9":0,"10":0,"11":0},"b":{"0":[0,0],"1":[0],"2":[0,0],"3":[0,0],"4":[0,0],"5":[0,0],"6":[0,0],"7":[0,0],"8":[0,0],"9":[0,0],"10":[0,0],"11":[0,0],"12":[0,0],"13":[0,0],"14":[0,0],"15":[0,0],"16":[0,0],"17":[0,0],"18":[0,0]},"inputSourceMap":null,"_coverageSchema":"1a1c01bbd47fc00a2c39e90264f33305004495a9","hash":"8f4affc1d1dc559f1a173656c73e905f7ae9b2bc"}
,"D:\\Fgo\\web-project\\src\\routes\\registrations.js": {"path":"D:\\Fgo\\web-project\\src\\routes\\registrations.js","statementMap":{"0":{"start":{"line":5,"column":15},"end":{"line":5,"column":23}},"1":{"start":{"line":8,"column":0},"end":{"line":37,"column":3}},"2":{"start":{"line":9,"column":15},"end":{"line":12,"column":11}},"3":{"start":{"line":14,"column":16},"end":{"line":34,"column":5}},"4":{"start":{"line":14,"column":33},"end":{"line":34,"column":3}},"5":{"start":{"line":36,"column":2},"end":{"line":36,"column":22}},"6":{"start":{"line":40,"column":0},"end":{"line":43,"column":3}},"7":{"start":{"line":41,"column":2},"end":{"line":41,"column":75}},"8":{"start":{"line":42,"column":2},"end":{"line":42,"column":25}}},"fnMap":{"0":{"name":"(anonymous_0)","decl":{"start":{"line":8,"column":31},"end":{"line":8,"column":32}},"loc":{"start":{"line":8,"column":51},"end":{"line":37,"column":1}},"line":8},"1":{"name":"(anonymous_1)","decl":{"start":{"line":14,"column":25},"end":{"line":14,"column":26}},"loc":{"start":{"line":14,"column":33},"end":{"line":34,"column":3}},"line":14},"2":{"name":"(anonymous_2)","decl":{"start":{"line":40,"column":35},"end":{"line":40,"column":36}},"loc":{"start":{"line":40,"column":55},"end":{"line":43,"column":1}},"line":40}},"branchMap":{"0":{"loc":{"start":{"line":16,"column":13},"end":{"line":16,"column":28}},"type":"binary-expr","locations":[{"start":{"line":16,"column":13},"end":{"line":16,"column":22}},{"start":{"line":16,"column":26},"end":{"line":16,"column":28}}],"line":16},"1":{"loc":{"start":{"line":19,"column":6},"end":{"line":33,"column":17}},"type":"cond-expr","locations":[{"start":{"line":20,"column":10},"end":{"line":25,"column":9}},{"start":{"line":26,"column":11},"end":{"line":33,"column":16}}],"line":19},"2":{"loc":{"start":{"line":19,"column":7},"end":{"line":19,"column":29}},"type":"binary-expr","locations":[{"start":{"line":19,"column":7},"end":{"line":19,"column":14}},{"start":{"line":19,"column":18},"end":{"line":19,"column":29}}],"line":19},"3":{"loc":{"start":{"line":26,"column":11},"end":{"line":33,"column":16}},"type":"cond-expr","locations":[{"start":{"line":27,"column":12},"end":{"line":32,"column":11}},{"start":{"line":33,"column":12},"end":{"line":33,"column":16}}],"line":26}},"s":{"0":1,"1":1,"2":0,"3":0,"4":0,"5":0,"6":1,"7":0,"8":0},"f":{"0":0,"1":0,"2":0},"b":{"0":[0,0],"1":[0,0],"2":[0,0],"3":[0,0]},"inputSourceMap":null,"_coverageSchema":"1a1c01bbd47fc00a2c39e90264f33305004495a9","hash":"9b24776647c51b03e694c345427d1094e444b00c"}
,"D:\\Fgo\\web-project\\src\\utils\\sendEmail.js": {"path":"D:\\Fgo\\web-project\\src\\utils\\sendEmail.js","statementMap":{"0":{"start":{"line":5,"column":76},"end":{"line":5,"column":87}},"1":{"start":{"line":8,"column":2},"end":{"line":14,"column":3}},"2":{"start":{"line":9,"column":4},"end":{"line":9,"column":33}},"3":{"start":{"line":10,"column":4},"end":{"line":10,"column":27}},"4":{"start":{"line":11,"column":4},"end":{"line":11,"column":37}},"5":{"start":{"line":12,"column":4},"end":{"line":12,"column":37}},"6":{"start":{"line":13,"column":4},"end":{"line":13,"column":11}},"7":{"start":{"line":16,"column":22},"end":{"line":22,"column":4}},"8":{"start":{"line":25,"column":2},"end":{"line":27,"column":5}},"9":{"start":{"line":26,"column":4},"end":{"line":26,"column":57}},"10":{"start":{"line":29,"column":2},"end":{"line":35,"column":5}}},"fnMap":{"0":{"name":"sendEmail","decl":{"start":{"line":4,"column":22},"end":{"line":4,"column":31}},"loc":{"start":{"line":4,"column":61},"end":{"line":36,"column":1}},"line":4},"1":{"name":"(anonymous_1)","decl":{"start":{"line":25,"column":35},"end":{"line":25,"column":36}},"loc":{"start":{"line":25,"column":42},"end":{"line":27,"column":3}},"line":25}},"branchMap":{"0":{"loc":{"start":{"line":5,"column":21},"end":{"line":5,"column":38}},"type":"default-arg","locations":[{"start":{"line":5,"column":33},"end":{"line":5,"column":38}}],"line":5},"1":{"loc":{"start":{"line":8,"column":2},"end":{"line":14,"column":3}},"type":"if","locations":[{"start":{"line":8,"column":2},"end":{"line":14,"column":3}},{"start":{},"end":{}}],"line":8},"2":{"loc":{"start":{"line":8,"column":6},"end":{"line":8,"column":44}},"type":"binary-expr","locations":[{"start":{"line":8,"column":6},"end":{"line":8,"column":16}},{"start":{"line":8,"column":20},"end":{"line":8,"column":30}},{"start":{"line":8,"column":34},"end":{"line":8,"column":44}}],"line":8},"3":{"loc":{"start":{"line":26,"column":40},"end":{"line":26,"column":55}},"type":"binary-expr","locations":[{"start":{"line":26,"column":40},"end":{"line":26,"column":50}},{"start":{"line":26,"column":54},"end":{"line":26,"column":55}}],"line":26},"4":{"loc":{"start":{"line":30,"column":10},"end":{"line":30,"column":46}},"type":"binary-expr","locations":[{"start":{"line":30,"column":10},"end":{"line":30,"column":19}},{"start":{"line":30,"column":23},"end":{"line":30,"column":46}}],"line":30}},"s":{"0":0,"1":0,"2":0,"3":0,"4":0,"5":0,"6":0,"7":0,"8":0,"9":0,"10":0},"f":{"0":0,"1":0},"b":{"0":[0],"1":[0,0],"2":[0,0,0],"3":[0,0],"4":[0,0]},"inputSourceMap":null,"_coverageSchema":"1a1c01bbd47fc00a2c39e90264f33305004495a9","hash":"7d2d3e2d34f94538fca817724e40b48354d8b280"}
}
